time="2022-04-21T22:06:25+04:00" level=info msg="Create New Router" func="main.main()" file="app.go::17"
time="2022-04-21T22:06:25+04:00" level=info msg="Create User Handler" func="main.main()" file="app.go::20"
time="2022-04-21T22:07:44+04:00" level=info msg="Create New Router" func="main.main()" file="app.go:17"
time="2022-04-21T22:07:44+04:00" level=info msg="Create User Handler" func="main.main()" file="app.go:20"
time="2022-04-21T22:19:01+04:00" level=info msg="Create new router" func="main.main()" file="app.go:16"
time="2022-04-21T22:19:01+04:00" level=info msg="Create User handler" func="main.main()" file="app.go:19"
time="2022-04-21T22:19:01+04:00" level=info msg="Server started to listen port: 5000" func="main.run()" file="app.go:40"
time="2022-04-21T22:25:41+04:00" level=info msg="Create new router" func="main.main()" file="app.go:16"
time="2022-04-21T22:25:41+04:00" level=info msg="Create User handler" func="main.main()" file="app.go:19"
time="2022-04-21T22:25:41+04:00" level=info msg="Server started to listen port: 5000" func="main.run()" file="app.go:40"
time="2022-04-22T02:05:53+04:00" level=info msg="Create new router" func="main.main()" file="app.go:16"
time="2022-04-22T02:05:53+04:00" level=info msg="Create User handler" func="main.main()" file="app.go:19"
time="2022-04-22T02:05:53+04:00" level=info msg="Server started to listen port: 5000" func="main.run()" file="app.go:40"
time="2022-04-22T02:28:22+04:00" level=info msg="Create new router" func="main.main()" file="app.go:21"
time="2022-04-22T02:28:22+04:00" level=info msg="Reading Config..." func="rest-api/internal/config.GetConfig.func1()" file="config.go:25"
time="2022-04-22T02:28:22+04:00" level=info msg="Create User handler" func="main.main()" file="app.go:26"
time="2022-04-22T02:28:22+04:00" level=info msg="Server started to listen: 0.0.0.0:5000" func="main.run()" file="app.go:68"
time="2022-04-22T02:33:45+04:00" level=info msg="Create new router" func="main.main()" file="app.go:21"
time="2022-04-22T02:33:45+04:00" level=info msg="Reading Config..." func="rest-api/internal/config.GetConfig.func1()" file="config.go:25"
time="2022-04-22T02:33:45+04:00" level=info msg="Create User handler" func="main.main()" file="app.go:26"
time="2022-04-22T02:33:45+04:00" level=info msg="Server started to listen: 0.0.0.0:5000" func="main.run()" file="app.go:55"
time="2022-04-22T02:37:55+04:00" level=info msg="Create new router" func="main.main()" file="app.go:21"
time="2022-04-22T02:37:55+04:00" level=info msg="Reading Config..." func="rest-api/internal/config.GetConfig.func1()" file="config.go:25"
time="2022-04-22T02:37:55+04:00" level=info msg="Create User handler" func="main.main()" file="app.go:26"
time="2022-04-22T02:37:55+04:00" level=info msg="Server started to listen unix socket: /var/folders/_z/hk84s7w905z3t6tg_hcx0bs00000gn/T/go-build3391849878/b001/exe/app.sock" func="main.run()" file="app.go:49"
time="2022-04-22T03:48:39+04:00" level=info msg="Create new router" func="main.main()" file="app.go:21"
time="2022-04-22T03:48:39+04:00" level=info msg="Reading Config..." func="rest-api/internal/config.GetConfig.func1()" file="config.go:25"
time="2022-04-22T03:48:39+04:00" level=info msg="Create User handler" func="main.main()" file="app.go:26"
time="2022-04-22T03:48:39+04:00" level=info msg="Server started to listen: 0.0.0.0:5000" func="main.run()" file="app.go:55"
